<html>
<head>
<title>TestNG:  Test</title>
<link href="../testng.css" rel="stylesheet" type="text/css" />
<link href="../my-testng.css" rel="stylesheet" type="text/css" />

<style type="text/css">
.log { display: none;} 
.stack-trace { display: none;} 
</style>
<script type="text/javascript">
<!--
function flip(e) {
  current = e.style.display;
  if (current == 'block') {
    e.style.display = 'none';
    return 0;
  }
  else {
    e.style.display = 'block';
    return 1;
  }
}

function toggleBox(szDivId, elem, msg1, msg2)
{
  var res = -1;  if (document.getElementById) {
    res = flip(document.getElementById(szDivId));
  }
  else if (document.all) {
    // this is the way old msie versions work
    res = flip(document.all[szDivId]);
  }
  if(elem) {
    if(res == 0) elem.innerHTML = msg1; else elem.innerHTML = msg2;
  }

}

function toggleAllBoxes() {
  if (document.getElementsByTagName) {
    d = document.getElementsByTagName('div');
    for (i = 0; i < d.length; i++) {
      if (d[i].className == 'log') {
        flip(d[i]);
      }
    }
  }
}

// -->
</script>

</head>
<body>
<h2 align='center'>Test</h2><table border='1' align="center">
<tr>
<td>Tests passed/Failed/Skipped:</td><td>1/1/0</td>
</tr><tr>
<td>Started on:</td><td>Sun Oct 15 11:33:03 IST 2017</td>
</tr>
<tr><td>Total time:</td><td>71 seconds (71978 ms)</td>
</tr><tr>
<td>Included groups:</td><td></td>
</tr><tr>
<td>Excluded groups:</td><td></td>
</tr>
</table><p/>
<small><i>(Hover the method name to see the test class name)</i></small><p/>
<table width='100%' border='1' class='invocation-failed'>
<tr><td colspan='4' align='center'><b>FAILED TESTS</b></td></tr>
<tr><td><b>Test method</b></td>
<td width="30%"><b>Exception</b></td>
<td width="10%"><b>Time (seconds)</b></td>
<td><b>Instance</b></td>
</tr>
<tr>
<td title='zanmi.hybrid.testscripts.testcases.module1.Module1TestCaseSet1.AddToCart()'><b>AddToCart</b><br>Test class: zanmi.hybrid.testscripts.testcases.module1.Module1TestCaseSet1</td>
<td><div><pre>java.lang.AssertionError: failed to find an element to click with locator--&gt;xpath with value --&gt;//*[@id=&apos;container&apos;]//div[@class=&apos;row&apos;]//div[text()=&apos;Redmi Note 4  (4GB/64GB&apos;] expected object to not be null
	at zanmi.hybrid.seleniumcore.ActionDriver.click(ActionDriver.java:56)
	at zanmi.hybrid.executor.ExecuteBasedOnXLData.execute(ExecuteBasedOnXLData.java:86)
	at zanmi.hybrid.testscripts.testcases.module1.Module1TestCaseSet1.AddToCart(Module1TestCaseSet1.java:30)
... Removed 26 stack frames</pre></div><a href='#' onClick='toggleBox("stack-trace1250499735", this, "Click to show all stack frames", "Click to hide stack frames")'>Click to show all stack frames</a>
<div class='stack-trace' id='stack-trace1250499735'><pre>java.lang.AssertionError: failed to find an element to click with locator--&gt;xpath with value --&gt;//*[@id=&apos;container&apos;]//div[@class=&apos;row&apos;]//div[text()=&apos;Redmi Note 4  (4GB/64GB&apos;] expected object to not be null
	at org.testng.Assert.fail(Assert.java:94)
	at org.testng.Assert.assertNotNull(Assert.java:404)
	at zanmi.hybrid.seleniumcore.ActionDriver.click(ActionDriver.java:56)
	at zanmi.hybrid.executor.ExecuteBasedOnXLData.execute(ExecuteBasedOnXLData.java:86)
	at zanmi.hybrid.testscripts.testcases.module1.Module1TestCaseSet1.AddToCart(Module1TestCaseSet1.java:30)
	at sun.reflect.NativeMethodAccessorImpl.invoke0(Native Method)
	at sun.reflect.NativeMethodAccessorImpl.invoke(Unknown Source)
	at sun.reflect.DelegatingMethodAccessorImpl.invoke(Unknown Source)
	at java.lang.reflect.Method.invoke(Unknown Source)
	at org.testng.internal.MethodInvocationHelper.invokeMethod(MethodInvocationHelper.java:84)
	at org.testng.internal.Invoker.invokeMethod(Invoker.java:714)
	at org.testng.internal.Invoker.invokeTestMethod(Invoker.java:901)
	at org.testng.internal.Invoker.invokeTestMethods(Invoker.java:1231)
	at org.testng.internal.TestMethodWorker.invokeTestMethods(TestMethodWorker.java:127)
	at org.testng.internal.TestMethodWorker.run(TestMethodWorker.java:111)
	at org.testng.TestRunner.privateRun(TestRunner.java:767)
	at org.testng.TestRunner.run(TestRunner.java:617)
	at org.testng.SuiteRunner.runTest(SuiteRunner.java:335)
	at org.testng.SuiteRunner.runSequentially(SuiteRunner.java:330)
	at org.testng.SuiteRunner.privateRun(SuiteRunner.java:291)
	at org.testng.SuiteRunner.run(SuiteRunner.java:240)
	at org.testng.SuiteRunnerWorker.runSuite(SuiteRunnerWorker.java:52)
	at org.testng.SuiteRunnerWorker.run(SuiteRunnerWorker.java:86)
	at org.testng.TestNG.runSuitesSequentially(TestNG.java:1224)
	at org.testng.TestNG.runSuitesLocally(TestNG.java:1149)
	at org.testng.TestNG.run(TestNG.java:1057)
	at org.testng.remote.RemoteTestNG.run(RemoteTestNG.java:111)
	at org.testng.remote.RemoteTestNG.initAndRun(RemoteTestNG.java:204)
	at org.testng.remote.RemoteTestNG.main(RemoteTestNG.java:175)
</pre></div></td>
<td>61</td>
<td>zanmi.hybrid.testscripts.testcases.module1.Module1TestCaseSet1@6ad5c04e</td></tr>
</table><p>
<table width='100%' border='1' class='invocation-passed'>
<tr><td colspan='4' align='center'><b>PASSED TESTS</b></td></tr>
<tr><td><b>Test method</b></td>
<td width="30%"><b>Exception</b></td>
<td width="10%"><b>Time (seconds)</b></td>
<td><b>Instance</b></td>
</tr>
<tr>
<td title='zanmi.hybrid.testscripts.testcases.module1.Module1TestCaseSet1.TestCase2()'><b>TestCase2</b><br>Test class: zanmi.hybrid.testscripts.testcases.module1.Module1TestCaseSet1</td>
<td></td>
<td>0</td>
<td>zanmi.hybrid.testscripts.testcases.module1.Module1TestCaseSet1@6ad5c04e</td></tr>
</table><p>
</body>
</html>