<?xml version="1.0" encoding="UTF-8"?>
<!-- Generated by org.testng.reporters.JUnitXMLReporter -->
<testsuite hostname="ANT2W10BLR" name="Test" tests="2" failures="1" timestamp="15 Oct 2017 06:04:15 GMT" time="71.978" errors="0">
  <testcase name="AddToCart" time="61.613" classname="zanmi.hybrid.testscripts.testcases.module1.Module1TestCaseSet1">
    <failure type="java.lang.AssertionError" message="failed to find an element to click with locator--&amp;gt;xpath with value --&amp;gt;//*[@id=&amp;apos;container&amp;apos;]//div[@class=&amp;apos;row&amp;apos;]//div[text()=&amp;apos;Redmi Note 4  (4GB/64GB&amp;apos;] expected object to not be null">
      <![CDATA[java.lang.AssertionError: failed to find an element to click with locator-->xpath with value -->//*[@id='container']//div[@class='row']//div[text()='Redmi Note 4  (4GB/64GB'] expected object to not be null
	at zanmi.hybrid.seleniumcore.ActionDriver.click(ActionDriver.java:56)
	at zanmi.hybrid.executor.ExecuteBasedOnXLData.execute(ExecuteBasedOnXLData.java:86)
	at zanmi.hybrid.testscripts.testcases.module1.Module1TestCaseSet1.AddToCart(Module1TestCaseSet1.java:30)
... Removed 26 stack frames]]>
    </failure>
  </testcase> <!-- AddToCart -->
  <testcase name="TestCase2" time="0.001" classname="zanmi.hybrid.testscripts.testcases.module1.Module1TestCaseSet1"/>
</testsuite> <!-- Test -->
