<?xml version="1.0" encoding="UTF-8"?>
<!-- Generated by org.testng.reporters.JUnitXMLReporter -->
<testsuite hostname="ANT2W10BLR" name="Test Scenario1" tests="2" failures="2" timestamp="12 Oct 2017 02:36:44 GMT" time="139.272" errors="0">
  <testcase name="StartLogs" time="70.39" classname="zanmi.hybrid.pratice.GenerateLogs">
    <failure type="java.lang.AssertionError" message="failed to find an element to click with locator--&amp;gt;xpath with value --&amp;gt;//*[@id=&amp;apos;identifier123Next&amp;apos;]/div[2] expected object to not be null">
      <![CDATA[java.lang.AssertionError: failed to find an element to click with locator-->xpath with value -->//*[@id='identifier123Next']/div[2] expected object to not be null
	at zanmi.hybrid.seleniumcore.ActionDriver.click(ActionDriver.java:53)
	at zanmi.hybrid.pratice.GenerateLogs.StartLogs(GenerateLogs.java:45)
... Removed 26 stack frames]]>
    </failure>
  </testcase> <!-- StartLogs -->
  <testcase name="testActionDriver" time="68.875" classname="zanmi.hybrid.pratice.TestActionDriver">
    <failure type="java.lang.AssertionError" message="failed to find an element to click with locator--&amp;gt;xpath with value --&amp;gt;//*[@id=&amp;apos;identifier123Next&amp;apos;]/div[2] expected object to not be null">
      <![CDATA[java.lang.AssertionError: failed to find an element to click with locator-->xpath with value -->//*[@id='identifier123Next']/div[2] expected object to not be null
	at zanmi.hybrid.seleniumcore.ActionDriver.click(ActionDriver.java:53)
	at zanmi.hybrid.pratice.TestActionDriver.testActionDriver(TestActionDriver.java:30)
... Removed 26 stack frames]]>
    </failure>
  </testcase> <!-- testActionDriver -->
</testsuite> <!-- Test Scenario1 -->
